<?xml version="1.0" encoding="UTF-8"?>
<testng-results skipped="0" failed="0" total="3" passed="3">
  <reporter-output>
  </reporter-output>
  <suite name="TestGETMethod" duration-ms="22108" started-at="2018-07-29T16:18:42Z" finished-at="2018-07-29T16:19:04Z">
    <groups>
    </groups>
    <test name="Command line test" duration-ms="22108" started-at="2018-07-29T16:18:42Z" finished-at="2018-07-29T16:19:04Z">
      <class name="TestGETMethod">
        <test-method status="PASS" signature="testStatusCode()[pri:1, instance:TestGETMethod@6cd8737]" name="testStatusCode" duration-ms="8469" started-at="2018-07-29T21:48:42Z" finished-at="2018-07-29T21:48:50Z">
          <reporter-output>
          </reporter-output>
        </test-method> <!-- testStatusCode -->
        <test-method status="PASS" signature="testBody()[pri:2, instance:TestGETMethod@6cd8737]" name="testBody" duration-ms="10835" started-at="2018-07-29T21:48:50Z" finished-at="2018-07-29T21:49:01Z">
          <reporter-output>
          </reporter-output>
        </test-method> <!-- testBody -->
        <test-method status="PASS" signature="testHeader()[pri:3, instance:TestGETMethod@6cd8737]" name="testHeader" duration-ms="2757" started-at="2018-07-29T21:49:01Z" finished-at="2018-07-29T21:49:04Z">
          <reporter-output>
          </reporter-output>
        </test-method> <!-- testHeader -->
      </class> <!-- TestGETMethod -->
    </test> <!-- Command line test -->
  </suite> <!-- TestGETMethod -->
</testng-results>
